<?xml version="1.0" encoding="UTF-8"?>
<testng-results skipped="0" failed="0" total="1" passed="1">
  <reporter-output>
  </reporter-output>
  <suite name="Suite" duration-ms="13932" started-at="2020-03-04T05:56:55Z" finished-at="2020-03-04T05:57:09Z">
    <groups>
    </groups>
    <test name="Test" duration-ms="13932" started-at="2020-03-04T05:56:55Z" finished-at="2020-03-04T05:57:09Z">
      <class name="Jenkins.GooglePage.Google">
        <test-method status="PASS" signature="TC1()[pri:0, instance:Jenkins.GooglePage.Google@4ba2ca36]" name="TC1" duration-ms="13921" started-at="2020-03-04T11:26:55Z" finished-at="2020-03-04T11:27:09Z">
          <reporter-output>
          </reporter-output>
        </test-method> <!-- TC1 -->
      </class> <!-- Jenkins.GooglePage.Google -->
    </test> <!-- Test -->
  </suite> <!-- Suite -->
</testng-results>
