<?xml version="1.0" encoding="UTF-8"?>
<testng-results skipped="0" failed="0" ignored="0" total="1" passed="1">
  <reporter-output>
  </reporter-output>
  <suite name="Suite" duration-ms="13196" started-at="2020-03-04T11:12:37 IST" finished-at="2020-03-04T11:12:51 IST">
    <groups>
    </groups>
    <test name="Test" duration-ms="13196" started-at="2020-03-04T11:12:37 IST" finished-at="2020-03-04T11:12:51 IST">
      <class name="Jenkins.GooglePage.Google">
        <test-method status="PASS" signature="TC1()[pri:0, instance:Jenkins.GooglePage.Google@768b970c]" name="TC1" duration-ms="13146" started-at="2020-03-04T11:12:37 IST" finished-at="2020-03-04T11:12:51 IST">
          <reporter-output>
          </reporter-output>
        </test-method> <!-- TC1 -->
      </class> <!-- Jenkins.GooglePage.Google -->
    </test> <!-- Test -->
  </suite> <!-- Suite -->
</testng-results>
